
*** Running vivado
    with args -log RV32I46F5SPSoCTOP.vds -m64 -product Vivado -mode batch -messageDb vivado.pb -notrace -source RV32I46F5SPSoCTOP.tcl



****** Vivado v2024.2 (64-bit)
  **** SW Build 5239630 on Fri Nov 08 22:35:27 MST 2024
  **** IP Build 5239520 on Sun Nov 10 16:12:51 MST 2024
  **** SharedData Build 5239561 on Fri Nov 08 14:39:27 MST 2024
  **** Start of session at: Sat Jun 28 13:48:41 2025
    ** Copyright 1986-2022 Xilinx, Inc. All Rights Reserved.
    ** Copyright 2022-2024 Advanced Micro Devices, Inc. All Rights Reserved.

source RV32I46F5SPSoCTOP.tcl -notrace
Command: read_checkpoint -auto_incremental -incremental C:/Users/KHWL2025/Desktop/RISC-KC/FPGA_Verification/Current_Main/Current_Main.srcs/utils_1/imports/synth_1/RV32I46F5SPSoCTOP.dcp
INFO: [Vivado 12-5825] Read reference checkpoint from C:/Users/KHWL2025/Desktop/RISC-KC/FPGA_Verification/Current_Main/Current_Main.srcs/utils_1/imports/synth_1/RV32I46F5SPSoCTOP.dcp for incremental synthesis
INFO: [Vivado 12-7989] Please ensure there are no constraint changes
Command: synth_design -top RV32I46F5SPSoCTOP -part xc7a200tsbg484-3 -directive PerformanceOptimized -fsm_extraction one_hot -keep_equivalent_registers -resource_sharing off -no_lc -shreg_min_size 5
Starting synth_design
Attempting to get a license for feature 'Synthesis' and/or device 'xc7a200t'
INFO: [Common 17-349] Got license for feature 'Synthesis' and/or device 'xc7a200t'
INFO: [Device 21-403] Loading part xc7a200tsbg484-3
INFO: [Synth 8-7079] Multithreading enabled for synth_design using a maximum of 2 processes.
INFO: [Synth 8-7078] Launching helper process for spawning children vivado processes
INFO: [Synth 8-7075] Helper process launched with PID 8244
---------------------------------------------------------------------------------
Starting RTL Elaboration : Time (s): cpu = 00:00:08 ; elapsed = 00:00:08 . Memory (MB): peak = 1039.496 ; gain = 467.809
---------------------------------------------------------------------------------
CRITICAL WARNING: [Synth 8-9873] overwriting previous definition of module 'ProgramCounter' [C:/Users/KHWL2025/Desktop/RISC-KC/FPGA_Verification/Current_Main/Current_Main.srcs/sources_1/imports/modules/Program_Counter.v:18]
INFO: [Synth 8-9937] previous definition of design element 'ProgramCounter' is here [C:/Users/KHWL2025/Desktop/RISC-KC/FPGA_Verification/Current_Main/Current_Main.srcs/sources_1/imports/modules/Program_Counter.v:18]
CRITICAL WARNING: [Synth 8-9873] overwriting previous definition of module 'PCController' [C:/Users/KHWL2025/Desktop/RISC-KC/FPGA_Verification/Current_Main/Current_Main.srcs/sources_1/imports/modules/PC_Controller.v:33]
INFO: [Synth 8-9937] previous definition of design element 'PCController' is here [C:/Users/KHWL2025/Desktop/RISC-KC/FPGA_Verification/Current_Main/Current_Main.srcs/sources_1/imports/modules/PC_Controller.v:33]
CRITICAL WARNING: [Synth 8-9873] overwriting previous definition of module 'PCPlus4' [C:/Users/KHWL2025/Desktop/RISC-KC/FPGA_Verification/Current_Main/Current_Main.srcs/sources_1/imports/modules/PC_Plus_4.v:10]
INFO: [Synth 8-9937] previous definition of design element 'PCPlus4' is here [C:/Users/KHWL2025/Desktop/RISC-KC/FPGA_Verification/Current_Main/Current_Main.srcs/sources_1/imports/modules/PC_Plus_4.v:10]
CRITICAL WARNING: [Synth 8-9873] overwriting previous definition of module 'InstructionMemory' [C:/Users/KHWL2025/Desktop/RISC-KC/FPGA_Verification/Current_Main/Current_Main.srcs/sources_1/imports/modules/Instruction_Memory.v:150]
INFO: [Synth 8-9937] previous definition of design element 'InstructionMemory' is here [C:/Users/KHWL2025/Desktop/RISC-KC/FPGA_Verification/Current_Main/Current_Main.srcs/sources_1/imports/modules/Instruction_Memory.v:150]
CRITICAL WARNING: [Synth 8-9873] overwriting previous definition of module 'InstructionDecoder' [C:/Users/KHWL2025/Desktop/RISC-KC/FPGA_Verification/Current_Main/Current_Main.srcs/sources_1/imports/modules/Instruction_Decoder.v:87]
INFO: [Synth 8-9937] previous definition of design element 'InstructionDecoder' is here [C:/Users/KHWL2025/Desktop/RISC-KC/FPGA_Verification/Current_Main/Current_Main.srcs/sources_1/imports/modules/Instruction_Decoder.v:87]
CRITICAL WARNING: [Synth 8-9873] overwriting previous definition of module 'ImmediateGenerator' [C:/Users/KHWL2025/Desktop/RISC-KC/FPGA_Verification/Current_Main/Current_Main.srcs/sources_1/imports/modules/Immediate_Generator.v:32]
INFO: [Synth 8-9937] previous definition of design element 'ImmediateGenerator' is here [C:/Users/KHWL2025/Desktop/RISC-KC/FPGA_Verification/Current_Main/Current_Main.srcs/sources_1/imports/modules/Immediate_Generator.v:32]
CRITICAL WARNING: [Synth 8-9873] overwriting previous definition of module 'ControlUnit' [C:/Users/KHWL2025/Desktop/RISC-KC/FPGA_Verification/Current_Main/Current_Main.srcs/sources_1/imports/modules/Control_Unit.v:322]
INFO: [Synth 8-9937] previous definition of design element 'ControlUnit' is here [C:/Users/KHWL2025/Desktop/RISC-KC/FPGA_Verification/Current_Main/Current_Main.srcs/sources_1/imports/modules/Control_Unit.v:322]
CRITICAL WARNING: [Synth 8-9873] overwriting previous definition of module 'RegisterFileDebug' [C:/Users/KHWL2025/Desktop/RISC-KC/FPGA_Verification/Current_Main/Current_Main.srcs/sources_1/imports/modules/Register_File_Debug.v:64]
INFO: [Synth 8-9937] previous definition of design element 'RegisterFileDebug' is here [C:/Users/KHWL2025/Desktop/RISC-KC/FPGA_Verification/Current_Main/Current_Main.srcs/sources_1/imports/modules/Register_File_Debug.v:64]
CRITICAL WARNING: [Synth 8-9873] overwriting previous definition of module 'DataMemory' [C:/Users/KHWL2025/Desktop/RISC-KC/FPGA_Verification/Current_Main/Current_Main.srcs/sources_1/imports/modules/Data_Memory.v:34]
INFO: [Synth 8-9937] previous definition of design element 'DataMemory' is here [C:/Users/KHWL2025/Desktop/RISC-KC/FPGA_Verification/Current_Main/Current_Main.srcs/sources_1/imports/modules/Data_Memory.v:34]
CRITICAL WARNING: [Synth 8-9873] overwriting previous definition of module 'ALUController' [C:/Users/KHWL2025/Desktop/RISC-KC/FPGA_Verification/Current_Main/Current_Main.srcs/sources_1/imports/modules/ALU_Controller.v:167]
INFO: [Synth 8-9937] previous definition of design element 'ALUController' is here [C:/Users/KHWL2025/Desktop/RISC-KC/FPGA_Verification/Current_Main/Current_Main.srcs/sources_1/imports/modules/ALU_Controller.v:167]
CRITICAL WARNING: [Synth 8-9873] overwriting previous definition of module 'ALU' [C:/Users/KHWL2025/Desktop/RISC-KC/FPGA_Verification/Current_Main/Current_Main.srcs/sources_1/imports/modules/ALU.v:74]
INFO: [Synth 8-9937] previous definition of design element 'ALU' is here [C:/Users/KHWL2025/Desktop/RISC-KC/FPGA_Verification/Current_Main/Current_Main.srcs/sources_1/imports/modules/ALU.v:74]
CRITICAL WARNING: [Synth 8-9873] overwriting previous definition of module 'BranchLogic' [C:/Users/KHWL2025/Desktop/RISC-KC/FPGA_Verification/Current_Main/Current_Main.srcs/sources_1/imports/modules/Branch_Logic.v:39]
INFO: [Synth 8-9937] previous definition of design element 'BranchLogic' is here [C:/Users/KHWL2025/Desktop/RISC-KC/FPGA_Verification/Current_Main/Current_Main.srcs/sources_1/imports/modules/Branch_Logic.v:39]
CRITICAL WARNING: [Synth 8-9873] overwriting previous definition of module 'ByteEnableLogic' [C:/Users/KHWL2025/Desktop/RISC-KC/FPGA_Verification/Current_Main/Current_Main.srcs/sources_1/imports/modules/Byte_Enable_Logic.v:103]
INFO: [Synth 8-9937] previous definition of design element 'ByteEnableLogic' is here [C:/Users/KHWL2025/Desktop/RISC-KC/FPGA_Verification/Current_Main/Current_Main.srcs/sources_1/imports/modules/Byte_Enable_Logic.v:103]
CRITICAL WARNING: [Synth 8-9873] overwriting previous definition of module 'CSRFile' [C:/Users/KHWL2025/Desktop/RISC-KC/FPGA_Verification/Current_Main/Current_Main.srcs/sources_1/imports/modules/CSR_File.v:119]
INFO: [Synth 8-9937] previous definition of design element 'CSRFile' is here [C:/Users/KHWL2025/Desktop/RISC-KC/FPGA_Verification/Current_Main/Current_Main.srcs/sources_1/imports/modules/CSR_File.v:119]
CRITICAL WARNING: [Synth 8-9873] overwriting previous definition of module 'ExceptionDetector' [C:/Users/KHWL2025/Desktop/RISC-KC/FPGA_Verification/Current_Main/Current_Main.srcs/sources_1/imports/modules/Exception_Detector.v:293]
INFO: [Synth 8-9937] previous definition of design element 'ExceptionDetector' is here [C:/Users/KHWL2025/Desktop/RISC-KC/FPGA_Verification/Current_Main/Current_Main.srcs/sources_1/imports/modules/Exception_Detector.v:293]
CRITICAL WARNING: [Synth 8-9873] overwriting previous definition of module 'TrapController' [C:/Users/KHWL2025/Desktop/RISC-KC/FPGA_Verification/Current_Main/Current_Main.srcs/sources_1/imports/modules/Trap_Controller.v:238]
INFO: [Synth 8-9937] previous definition of design element 'TrapController' is here [C:/Users/KHWL2025/Desktop/RISC-KC/FPGA_Verification/Current_Main/Current_Main.srcs/sources_1/imports/modules/Trap_Controller.v:238]
CRITICAL WARNING: [Synth 8-9873] overwriting previous definition of module 'IF_ID_Register' [C:/Users/KHWL2025/Desktop/RISC-KC/FPGA_Verification/Current_Main/Current_Main.srcs/sources_1/imports/modules/IF_ID_Register.v:46]
INFO: [Synth 8-9937] previous definition of design element 'IF_ID_Register' is here [C:/Users/KHWL2025/Desktop/RISC-KC/FPGA_Verification/Current_Main/Current_Main.srcs/sources_1/imports/modules/IF_ID_Register.v:46]
CRITICAL WARNING: [Synth 8-9873] overwriting previous definition of module 'ID_EX_Register' [C:/Users/KHWL2025/Desktop/RISC-KC/FPGA_Verification/Current_Main/Current_Main.srcs/sources_1/imports/modules/ID_EX_Register.v:154]
INFO: [Synth 8-9937] previous definition of design element 'ID_EX_Register' is here [C:/Users/KHWL2025/Desktop/RISC-KC/FPGA_Verification/Current_Main/Current_Main.srcs/sources_1/imports/modules/ID_EX_Register.v:154]
CRITICAL WARNING: [Synth 8-9873] overwriting previous definition of module 'EX_MEM_Register' [C:/Users/KHWL2025/Desktop/RISC-KC/FPGA_Verification/Current_Main/Current_Main.srcs/sources_1/imports/modules/EX_MEM_Register.v:122]
INFO: [Synth 8-9937] previous definition of design element 'EX_MEM_Register' is here [C:/Users/KHWL2025/Desktop/RISC-KC/FPGA_Verification/Current_Main/Current_Main.srcs/sources_1/imports/modules/EX_MEM_Register.v:122]
CRITICAL WARNING: [Synth 8-9873] overwriting previous definition of module 'MEM_WB_Register' [C:/Users/KHWL2025/Desktop/RISC-KC/FPGA_Verification/Current_Main/Current_Main.srcs/sources_1/imports/modules/MEM_WB_Register.v:106]
INFO: [Synth 8-9937] previous definition of design element 'MEM_WB_Register' is here [C:/Users/KHWL2025/Desktop/RISC-KC/FPGA_Verification/Current_Main/Current_Main.srcs/sources_1/imports/modules/MEM_WB_Register.v:106]
CRITICAL WARNING: [Synth 8-9873] overwriting previous definition of module 'HazardUnit' [C:/Users/KHWL2025/Desktop/RISC-KC/FPGA_Verification/Current_Main/Current_Main.srcs/sources_1/imports/modules/Hazard_Unit.v:145]
INFO: [Synth 8-9937] previous definition of design element 'HazardUnit' is here [C:/Users/KHWL2025/Desktop/RISC-KC/FPGA_Verification/Current_Main/Current_Main.srcs/sources_1/imports/modules/Hazard_Unit.v:145]
CRITICAL WARNING: [Synth 8-9873] overwriting previous definition of module 'ForwardUnit' [C:/Users/KHWL2025/Desktop/RISC-KC/FPGA_Verification/Current_Main/Current_Main.srcs/sources_1/imports/modules/Forward_Unit.v:83]
INFO: [Synth 8-9937] previous definition of design element 'ForwardUnit' is here [C:/Users/KHWL2025/Desktop/RISC-KC/FPGA_Verification/Current_Main/Current_Main.srcs/sources_1/imports/modules/Forward_Unit.v:83]
CRITICAL WARNING: [Synth 8-9873] overwriting previous definition of module 'BranchPredictor' [C:/Users/KHWL2025/Desktop/RISC-KC/FPGA_Verification/Current_Main/Current_Main.srcs/sources_1/imports/modules/Branch_Predictor.v:60]
INFO: [Synth 8-9937] previous definition of design element 'BranchPredictor' is here [C:/Users/KHWL2025/Desktop/RISC-KC/FPGA_Verification/Current_Main/Current_Main.srcs/sources_1/imports/modules/Branch_Predictor.v:60]
CRITICAL WARNING: [Synth 8-9339] data object 'MEM_WB_flush' is already declared [C:/Users/KHWL2025/Desktop/RISC-KC/FPGA_Verification/Current_Main/Current_Main.srcs/sources_1/imports/modules/RV32I46F_5SP_Debug.v:219]
INFO: [Synth 8-6826] previous declaration of 'MEM_WB_flush' is from here [C:/Users/KHWL2025/Desktop/RISC-KC/FPGA_Verification/Current_Main/Current_Main.srcs/sources_1/imports/modules/RV32I46F_5SP_Debug.v:200]
CRITICAL WARNING: [Synth 8-11152] second declaration of 'MEM_WB_flush' is ignored [C:/Users/KHWL2025/Desktop/RISC-KC/FPGA_Verification/Current_Main/Current_Main.srcs/sources_1/imports/modules/RV32I46F_5SP_Debug.v:219]
CRITICAL WARNING: [Synth 8-9873] overwriting previous definition of module 'ProgramCounter' [C:/Users/KHWL2025/Desktop/RISC-KC/FPGA_Verification/Current_Main/Current_Main.srcs/sources_1/imports/modules/Program_Counter.v:18]
INFO: [Synth 8-9937] previous definition of design element 'ProgramCounter' is here [C:/Users/KHWL2025/Desktop/RISC-KC/FPGA_Verification/Current_Main/Current_Main.srcs/sources_1/imports/modules/Program_Counter.v:18]
CRITICAL WARNING: [Synth 8-9873] overwriting previous definition of module 'PCController' [C:/Users/KHWL2025/Desktop/RISC-KC/FPGA_Verification/Current_Main/Current_Main.srcs/sources_1/imports/modules/PC_Controller.v:33]
INFO: [Synth 8-9937] previous definition of design element 'PCController' is here [C:/Users/KHWL2025/Desktop/RISC-KC/FPGA_Verification/Current_Main/Current_Main.srcs/sources_1/imports/modules/PC_Controller.v:33]
CRITICAL WARNING: [Synth 8-9873] overwriting previous definition of module 'PCPlus4' [C:/Users/KHWL2025/Desktop/RISC-KC/FPGA_Verification/Current_Main/Current_Main.srcs/sources_1/imports/modules/PC_Plus_4.v:10]
INFO: [Synth 8-9937] previous definition of design element 'PCPlus4' is here [C:/Users/KHWL2025/Desktop/RISC-KC/FPGA_Verification/Current_Main/Current_Main.srcs/sources_1/imports/modules/PC_Plus_4.v:10]
CRITICAL WARNING: [Synth 8-9873] overwriting previous definition of module 'InstructionMemory' [C:/Users/KHWL2025/Desktop/RISC-KC/FPGA_Verification/Current_Main/Current_Main.srcs/sources_1/imports/modules/Instruction_Memory.v:150]
INFO: [Synth 8-9937] previous definition of design element 'InstructionMemory' is here [C:/Users/KHWL2025/Desktop/RISC-KC/FPGA_Verification/Current_Main/Current_Main.srcs/sources_1/imports/modules/Instruction_Memory.v:150]
CRITICAL WARNING: [Synth 8-9873] overwriting previous definition of module 'InstructionDecoder' [C:/Users/KHWL2025/Desktop/RISC-KC/FPGA_Verification/Current_Main/Current_Main.srcs/sources_1/imports/modules/Instruction_Decoder.v:87]
INFO: [Synth 8-9937] previous definition of design element 'InstructionDecoder' is here [C:/Users/KHWL2025/Desktop/RISC-KC/FPGA_Verification/Current_Main/Current_Main.srcs/sources_1/imports/modules/Instruction_Decoder.v:87]
CRITICAL WARNING: [Synth 8-9873] overwriting previous definition of module 'ImmediateGenerator' [C:/Users/KHWL2025/Desktop/RISC-KC/FPGA_Verification/Current_Main/Current_Main.srcs/sources_1/imports/modules/Immediate_Generator.v:32]
INFO: [Synth 8-9937] previous definition of design element 'ImmediateGenerator' is here [C:/Users/KHWL2025/Desktop/RISC-KC/FPGA_Verification/Current_Main/Current_Main.srcs/sources_1/imports/modules/Immediate_Generator.v:32]
CRITICAL WARNING: [Synth 8-9873] overwriting previous definition of module 'ControlUnit' [C:/Users/KHWL2025/Desktop/RISC-KC/FPGA_Verification/Current_Main/Current_Main.srcs/sources_1/imports/modules/Control_Unit.v:322]
INFO: [Synth 8-9937] previous definition of design element 'ControlUnit' is here [C:/Users/KHWL2025/Desktop/RISC-KC/FPGA_Verification/Current_Main/Current_Main.srcs/sources_1/imports/modules/Control_Unit.v:322]
CRITICAL WARNING: [Synth 8-9873] overwriting previous definition of module 'RegisterFileDebug' [C:/Users/KHWL2025/Desktop/RISC-KC/FPGA_Verification/Current_Main/Current_Main.srcs/sources_1/imports/modules/Register_File_Debug.v:64]
INFO: [Synth 8-9937] previous definition of design element 'RegisterFileDebug' is here [C:/Users/KHWL2025/Desktop/RISC-KC/FPGA_Verification/Current_Main/Current_Main.srcs/sources_1/imports/modules/Register_File_Debug.v:64]
CRITICAL WARNING: [Synth 8-9873] overwriting previous definition of module 'DataMemory' [C:/Users/KHWL2025/Desktop/RISC-KC/FPGA_Verification/Current_Main/Current_Main.srcs/sources_1/imports/modules/Data_Memory.v:34]
INFO: [Synth 8-9937] previous definition of design element 'DataMemory' is here [C:/Users/KHWL2025/Desktop/RISC-KC/FPGA_Verification/Current_Main/Current_Main.srcs/sources_1/imports/modules/Data_Memory.v:34]
CRITICAL WARNING: [Synth 8-9873] overwriting previous definition of module 'ALUController' [C:/Users/KHWL2025/Desktop/RISC-KC/FPGA_Verification/Current_Main/Current_Main.srcs/sources_1/imports/modules/ALU_Controller.v:167]
INFO: [Synth 8-9937] previous definition of design element 'ALUController' is here [C:/Users/KHWL2025/Desktop/RISC-KC/FPGA_Verification/Current_Main/Current_Main.srcs/sources_1/imports/modules/ALU_Controller.v:167]
CRITICAL WARNING: [Synth 8-9873] overwriting previous definition of module 'ALU' [C:/Users/KHWL2025/Desktop/RISC-KC/FPGA_Verification/Current_Main/Current_Main.srcs/sources_1/imports/modules/ALU.v:74]
INFO: [Synth 8-9937] previous definition of design element 'ALU' is here [C:/Users/KHWL2025/Desktop/RISC-KC/FPGA_Verification/Current_Main/Current_Main.srcs/sources_1/imports/modules/ALU.v:74]
CRITICAL WARNING: [Synth 8-9873] overwriting previous definition of module 'BranchLogic' [C:/Users/KHWL2025/Desktop/RISC-KC/FPGA_Verification/Current_Main/Current_Main.srcs/sources_1/imports/modules/Branch_Logic.v:39]
INFO: [Synth 8-9937] previous definition of design element 'BranchLogic' is here [C:/Users/KHWL2025/Desktop/RISC-KC/FPGA_Verification/Current_Main/Current_Main.srcs/sources_1/imports/modules/Branch_Logic.v:39]
CRITICAL WARNING: [Synth 8-9873] overwriting previous definition of module 'ByteEnableLogic' [C:/Users/KHWL2025/Desktop/RISC-KC/FPGA_Verification/Current_Main/Current_Main.srcs/sources_1/imports/modules/Byte_Enable_Logic.v:103]
INFO: [Synth 8-9937] previous definition of design element 'ByteEnableLogic' is here [C:/Users/KHWL2025/Desktop/RISC-KC/FPGA_Verification/Current_Main/Current_Main.srcs/sources_1/imports/modules/Byte_Enable_Logic.v:103]
CRITICAL WARNING: [Synth 8-9873] overwriting previous definition of module 'CSRFile' [C:/Users/KHWL2025/Desktop/RISC-KC/FPGA_Verification/Current_Main/Current_Main.srcs/sources_1/imports/modules/CSR_File.v:119]
INFO: [Synth 8-9937] previous definition of design element 'CSRFile' is here [C:/Users/KHWL2025/Desktop/RISC-KC/FPGA_Verification/Current_Main/Current_Main.srcs/sources_1/imports/modules/CSR_File.v:119]
CRITICAL WARNING: [Synth 8-9873] overwriting previous definition of module 'ExceptionDetector' [C:/Users/KHWL2025/Desktop/RISC-KC/FPGA_Verification/Current_Main/Current_Main.srcs/sources_1/imports/modules/Exception_Detector.v:293]
INFO: [Synth 8-9937] previous definition of design element 'ExceptionDetector' is here [C:/Users/KHWL2025/Desktop/RISC-KC/FPGA_Verification/Current_Main/Current_Main.srcs/sources_1/imports/modules/Exception_Detector.v:293]
CRITICAL WARNING: [Synth 8-9873] overwriting previous definition of module 'TrapController' [C:/Users/KHWL2025/Desktop/RISC-KC/FPGA_Verification/Current_Main/Current_Main.srcs/sources_1/imports/modules/Trap_Controller.v:238]
INFO: [Synth 8-9937] previous definition of design element 'TrapController' is here [C:/Users/KHWL2025/Desktop/RISC-KC/FPGA_Verification/Current_Main/Current_Main.srcs/sources_1/imports/modules/Trap_Controller.v:238]
CRITICAL WARNING: [Synth 8-9873] overwriting previous definition of module 'IF_ID_Register' [C:/Users/KHWL2025/Desktop/RISC-KC/FPGA_Verification/Current_Main/Current_Main.srcs/sources_1/imports/modules/IF_ID_Register.v:46]
INFO: [Synth 8-9937] previous definition of design element 'IF_ID_Register' is here [C:/Users/KHWL2025/Desktop/RISC-KC/FPGA_Verification/Current_Main/Current_Main.srcs/sources_1/imports/modules/IF_ID_Register.v:46]
CRITICAL WARNING: [Synth 8-9873] overwriting previous definition of module 'ID_EX_Register' [C:/Users/KHWL2025/Desktop/RISC-KC/FPGA_Verification/Current_Main/Current_Main.srcs/sources_1/imports/modules/ID_EX_Register.v:154]
INFO: [Synth 8-9937] previous definition of design element 'ID_EX_Register' is here [C:/Users/KHWL2025/Desktop/RISC-KC/FPGA_Verification/Current_Main/Current_Main.srcs/sources_1/imports/modules/ID_EX_Register.v:154]
CRITICAL WARNING: [Synth 8-9873] overwriting previous definition of module 'EX_MEM_Register' [C:/Users/KHWL2025/Desktop/RISC-KC/FPGA_Verification/Current_Main/Current_Main.srcs/sources_1/imports/modules/EX_MEM_Register.v:122]
INFO: [Synth 8-9937] previous definition of design element 'EX_MEM_Register' is here [C:/Users/KHWL2025/Desktop/RISC-KC/FPGA_Verification/Current_Main/Current_Main.srcs/sources_1/imports/modules/EX_MEM_Register.v:122]
CRITICAL WARNING: [Synth 8-9873] overwriting previous definition of module 'MEM_WB_Register' [C:/Users/KHWL2025/Desktop/RISC-KC/FPGA_Verification/Current_Main/Current_Main.srcs/sources_1/imports/modules/MEM_WB_Register.v:106]
INFO: [Synth 8-9937] previous definition of design element 'MEM_WB_Register' is here [C:/Users/KHWL2025/Desktop/RISC-KC/FPGA_Verification/Current_Main/Current_Main.srcs/sources_1/imports/modules/MEM_WB_Register.v:106]
CRITICAL WARNING: [Synth 8-9873] overwriting previous definition of module 'HazardUnit' [C:/Users/KHWL2025/Desktop/RISC-KC/FPGA_Verification/Current_Main/Current_Main.srcs/sources_1/imports/modules/Hazard_Unit.v:145]
INFO: [Synth 8-9937] previous definition of design element 'HazardUnit' is here [C:/Users/KHWL2025/Desktop/RISC-KC/FPGA_Verification/Current_Main/Current_Main.srcs/sources_1/imports/modules/Hazard_Unit.v:145]
CRITICAL WARNING: [Synth 8-9873] overwriting previous definition of module 'ForwardUnit' [C:/Users/KHWL2025/Desktop/RISC-KC/FPGA_Verification/Current_Main/Current_Main.srcs/sources_1/imports/modules/Forward_Unit.v:83]
INFO: [Synth 8-9937] previous definition of design element 'ForwardUnit' is here [C:/Users/KHWL2025/Desktop/RISC-KC/FPGA_Verification/Current_Main/Current_Main.srcs/sources_1/imports/modules/Forward_Unit.v:83]
CRITICAL WARNING: [Synth 8-9873] overwriting previous definition of module 'BranchPredictor' [C:/Users/KHWL2025/Desktop/RISC-KC/FPGA_Verification/Current_Main/Current_Main.srcs/sources_1/imports/modules/Branch_Predictor.v:60]
INFO: [Synth 8-9937] previous definition of design element 'BranchPredictor' is here [C:/Users/KHWL2025/Desktop/RISC-KC/FPGA_Verification/Current_Main/Current_Main.srcs/sources_1/imports/modules/Branch_Predictor.v:60]
CRITICAL WARNING: [Synth 8-9339] data object 'MEM_WB_flush' is already declared [C:/Users/KHWL2025/Desktop/RISC-KC/FPGA_Verification/Current_Main/Current_Main.srcs/sources_1/imports/modules/RV32I46F_5SP_Debug.v:219]
INFO: [Synth 8-6826] previous declaration of 'MEM_WB_flush' is from here [C:/Users/KHWL2025/Desktop/RISC-KC/FPGA_Verification/Current_Main/Current_Main.srcs/sources_1/imports/modules/RV32I46F_5SP_Debug.v:200]
CRITICAL WARNING: [Synth 8-11152] second declaration of 'MEM_WB_flush' is ignored [C:/Users/KHWL2025/Desktop/RISC-KC/FPGA_Verification/Current_Main/Current_Main.srcs/sources_1/imports/modules/RV32I46F_5SP_Debug.v:219]
CRITICAL WARNING: [Synth 8-9873] overwriting previous definition of module 'RV32I46F5SPDebug' [C:/Users/KHWL2025/Desktop/RISC-KC/FPGA_Verification/Current_Main/Current_Main.srcs/sources_1/imports/modules/RV32I46F_5SP_Debug.v:791]
INFO: [Synth 8-9937] previous definition of design element 'RV32I46F5SPDebug' is here [C:/Users/KHWL2025/Desktop/RISC-KC/FPGA_Verification/Current_Main/Current_Main.srcs/sources_1/imports/modules/RV32I46F_5SP_Debug.v:791]
CRITICAL WARNING: [Synth 8-9873] overwriting previous definition of module 'ButtonController' [C:/Users/KHWL2025/Desktop/RISC-KC/FPGA_Verification/Current_Main/Current_Main.srcs/sources_1/imports/modules/Button_Controller.v:169]
INFO: [Synth 8-9937] previous definition of design element 'ButtonController' is here [C:/Users/KHWL2025/Desktop/RISC-KC/FPGA_Verification/Current_Main/Current_Main.srcs/sources_1/imports/modules/Button_Controller.v:169]
CRITICAL WARNING: [Synth 8-9873] overwriting previous definition of module 'UARTTX' [C:/Users/KHWL2025/Desktop/RISC-KC/FPGA_Verification/Current_Main/Current_Main.srcs/sources_1/imports/modules/UART_TX.v:52]
INFO: [Synth 8-9937] previous definition of design element 'UARTTX' is here [C:/Users/KHWL2025/Desktop/RISC-KC/FPGA_Verification/Current_Main/Current_Main.srcs/sources_1/imports/modules/UART_TX.v:52]
CRITICAL WARNING: [Synth 8-9873] overwriting previous definition of module 'DebugUARTController' [C:/Users/KHWL2025/Desktop/RISC-KC/FPGA_Verification/Current_Main/Current_Main.srcs/sources_1/imports/modules/Debug_UART_Controller.v:146]
INFO: [Synth 8-9937] previous definition of design element 'DebugUARTController' is here [C:/Users/KHWL2025/Desktop/RISC-KC/FPGA_Verification/Current_Main/Current_Main.srcs/sources_1/imports/modules/Debug_UART_Controller.v:146]
WARNING: [Synth 8-6901] identifier 'continuous_mode' is used before its declaration [C:/Users/KHWL2025/Desktop/RISC-KC/FPGA_Verification/Current_Main/Current_Main.srcs/sources_1/imports/modules/46F5SP_SoC_TOP.v:48]
INFO: [Synth 8-6157] synthesizing module 'RV32I46F5SPSoCTOP' [C:/Users/KHWL2025/Desktop/RISC-KC/FPGA_Verification/Current_Main/Current_Main.srcs/sources_1/imports/modules/46F5SP_SoC_TOP.v:6]
INFO: [Synth 8-6157] synthesizing module 'BUFG' [D:/Xilinx/Vivado/2024.2/scripts/rt/data/unisim_comp.v:2676]
INFO: [Synth 8-6155] done synthesizing module 'BUFG' (0#1) [D:/Xilinx/Vivado/2024.2/scripts/rt/data/unisim_comp.v:2676]
INFO: [Synth 8-6157] synthesizing module 'ButtonController' [C:/Users/KHWL2025/Desktop/RISC-KC/FPGA_Verification/Current_Main/Current_Main.srcs/sources_1/imports/modules/Button_Controller.v:1]
INFO: [Synth 8-6155] done synthesizing module 'ButtonController' (0#1) [C:/Users/KHWL2025/Desktop/RISC-KC/FPGA_Verification/Current_Main/Current_Main.srcs/sources_1/imports/modules/Button_Controller.v:1]
INFO: [Synth 8-6157] synthesizing module 'UARTTX' [C:/Users/KHWL2025/Desktop/RISC-KC/FPGA_Verification/Current_Main/Current_Main.srcs/sources_1/imports/modules/UART_TX.v:1]
INFO: [Synth 8-6155] done synthesizing module 'UARTTX' (0#1) [C:/Users/KHWL2025/Desktop/RISC-KC/FPGA_Verification/Current_Main/Current_Main.srcs/sources_1/imports/modules/UART_TX.v:1]
INFO: [Synth 8-6157] synthesizing module 'DebugUARTController' [C:/Users/KHWL2025/Desktop/RISC-KC/FPGA_Verification/Current_Main/Current_Main.srcs/sources_1/imports/modules/Debug_UART_Controller.v:1]
INFO: [Synth 8-6155] done synthesizing module 'DebugUARTController' (0#1) [C:/Users/KHWL2025/Desktop/RISC-KC/FPGA_Verification/Current_Main/Current_Main.srcs/sources_1/imports/modules/Debug_UART_Controller.v:1]
INFO: [Synth 8-6157] synthesizing module 'RV32I46F5SPDebug' [C:/Users/KHWL2025/Desktop/RISC-KC/FPGA_Verification/Current_Main/Current_Main.srcs/sources_1/imports/modules/RV32I46F_5SP_Debug.v:30]
	Parameter XLEN bound to: 32 - type: integer 
INFO: [Synth 8-6157] synthesizing module 'ProgramCounter' [C:/Users/KHWL2025/Desktop/RISC-KC/FPGA_Verification/Current_Main/Current_Main.srcs/sources_1/imports/modules/Program_Counter.v:1]
INFO: [Synth 8-6155] done synthesizing module 'ProgramCounter' (0#1) [C:/Users/KHWL2025/Desktop/RISC-KC/FPGA_Verification/Current_Main/Current_Main.srcs/sources_1/imports/modules/Program_Counter.v:1]
INFO: [Synth 8-6157] synthesizing module 'PCController' [C:/Users/KHWL2025/Desktop/RISC-KC/FPGA_Verification/Current_Main/Current_Main.srcs/sources_1/imports/modules/PC_Controller.v:1]
INFO: [Synth 8-6155] done synthesizing module 'PCController' (0#1) [C:/Users/KHWL2025/Desktop/RISC-KC/FPGA_Verification/Current_Main/Current_Main.srcs/sources_1/imports/modules/PC_Controller.v:1]
INFO: [Synth 8-6157] synthesizing module 'PCPlus4' [C:/Users/KHWL2025/Desktop/RISC-KC/FPGA_Verification/Current_Main/Current_Main.srcs/sources_1/imports/modules/PC_Plus_4.v:1]
INFO: [Synth 8-6155] done synthesizing module 'PCPlus4' (0#1) [C:/Users/KHWL2025/Desktop/RISC-KC/FPGA_Verification/Current_Main/Current_Main.srcs/sources_1/imports/modules/PC_Plus_4.v:1]
INFO: [Synth 8-6157] synthesizing module 'InstructionMemory' [C:/Users/KHWL2025/Desktop/RISC-KC/FPGA_Verification/Current_Main/Current_Main.srcs/sources_1/imports/modules/Instruction_Memory.v:9]
INFO: [Synth 8-6155] done synthesizing module 'InstructionMemory' (0#1) [C:/Users/KHWL2025/Desktop/RISC-KC/FPGA_Verification/Current_Main/Current_Main.srcs/sources_1/imports/modules/Instruction_Memory.v:9]
INFO: [Synth 8-6157] synthesizing module 'InstructionDecoder' [C:/Users/KHWL2025/Desktop/RISC-KC/FPGA_Verification/Current_Main/Current_Main.srcs/sources_1/imports/modules/Instruction_Decoder.v:3]
INFO: [Synth 8-6155] done synthesizing module 'InstructionDecoder' (0#1) [C:/Users/KHWL2025/Desktop/RISC-KC/FPGA_Verification/Current_Main/Current_Main.srcs/sources_1/imports/modules/Instruction_Decoder.v:3]
INFO: [Synth 8-6157] synthesizing module 'ImmediateGenerator' [C:/Users/KHWL2025/Desktop/RISC-KC/FPGA_Verification/Current_Main/Current_Main.srcs/sources_1/imports/modules/Immediate_Generator.v:3]
INFO: [Synth 8-6155] done synthesizing module 'ImmediateGenerator' (0#1) [C:/Users/KHWL2025/Desktop/RISC-KC/FPGA_Verification/Current_Main/Current_Main.srcs/sources_1/imports/modules/Immediate_Generator.v:3]
INFO: [Synth 8-6157] synthesizing module 'ControlUnit' [C:/Users/KHWL2025/Desktop/RISC-KC/FPGA_Verification/Current_Main/Current_Main.srcs/sources_1/imports/modules/Control_Unit.v:7]
INFO: [Synth 8-6155] done synthesizing module 'ControlUnit' (0#1) [C:/Users/KHWL2025/Desktop/RISC-KC/FPGA_Verification/Current_Main/Current_Main.srcs/sources_1/imports/modules/Control_Unit.v:7]
INFO: [Synth 8-6157] synthesizing module 'RegisterFileDebug' [C:/Users/KHWL2025/Desktop/RISC-KC/FPGA_Verification/Current_Main/Current_Main.srcs/sources_1/imports/modules/Register_File_Debug.v:1]
INFO: [Synth 8-6155] done synthesizing module 'RegisterFileDebug' (0#1) [C:/Users/KHWL2025/Desktop/RISC-KC/FPGA_Verification/Current_Main/Current_Main.srcs/sources_1/imports/modules/Register_File_Debug.v:1]
INFO: [Synth 8-6157] synthesizing module 'DataMemory' [C:/Users/KHWL2025/Desktop/RISC-KC/FPGA_Verification/Current_Main/Current_Main.srcs/sources_1/imports/modules/Data_Memory.v:1]
INFO: [Synth 8-6155] done synthesizing module 'DataMemory' (0#1) [C:/Users/KHWL2025/Desktop/RISC-KC/FPGA_Verification/Current_Main/Current_Main.srcs/sources_1/imports/modules/Data_Memory.v:1]
WARNING: [Synth 8-689] width (15) of port connection 'address' does not match port width (10) of module 'DataMemory' [C:/Users/KHWL2025/Desktop/RISC-KC/FPGA_Verification/Current_Main/Current_Main.srcs/sources_1/imports/modules/RV32I46F_5SP_Debug.v:347]
INFO: [Synth 8-6157] synthesizing module 'ALUController' [C:/Users/KHWL2025/Desktop/RISC-KC/FPGA_Verification/Current_Main/Current_Main.srcs/sources_1/imports/modules/ALU_Controller.v:8]
INFO: [Synth 8-226] default block is never used [C:/Users/KHWL2025/Desktop/RISC-KC/FPGA_Verification/Current_Main/Current_Main.srcs/sources_1/imports/modules/ALU_Controller.v:60]
INFO: [Synth 8-226] default block is never used [C:/Users/KHWL2025/Desktop/RISC-KC/FPGA_Verification/Current_Main/Current_Main.srcs/sources_1/imports/modules/ALU_Controller.v:96]
INFO: [Synth 8-6155] done synthesizing module 'ALUController' (0#1) [C:/Users/KHWL2025/Desktop/RISC-KC/FPGA_Verification/Current_Main/Current_Main.srcs/sources_1/imports/modules/ALU_Controller.v:8]
INFO: [Synth 8-6157] synthesizing module 'ALU' [C:/Users/KHWL2025/Desktop/RISC-KC/FPGA_Verification/Current_Main/Current_Main.srcs/sources_1/imports/modules/ALU.v:3]
INFO: [Synth 8-6155] done synthesizing module 'ALU' (0#1) [C:/Users/KHWL2025/Desktop/RISC-KC/FPGA_Verification/Current_Main/Current_Main.srcs/sources_1/imports/modules/ALU.v:3]
INFO: [Synth 8-6157] synthesizing module 'BranchLogic' [C:/Users/KHWL2025/Desktop/RISC-KC/FPGA_Verification/Current_Main/Current_Main.srcs/sources_1/imports/modules/Branch_Logic.v:3]
INFO: [Synth 8-6155] done synthesizing module 'BranchLogic' (0#1) [C:/Users/KHWL2025/Desktop/RISC-KC/FPGA_Verification/Current_Main/Current_Main.srcs/sources_1/imports/modules/Branch_Logic.v:3]
INFO: [Synth 8-6157] synthesizing module 'ByteEnableLogic' [C:/Users/KHWL2025/Desktop/RISC-KC/FPGA_Verification/Current_Main/Current_Main.srcs/sources_1/imports/modules/Byte_Enable_Logic.v:4]
INFO: [Synth 8-6155] done synthesizing module 'ByteEnableLogic' (0#1) [C:/Users/KHWL2025/Desktop/RISC-KC/FPGA_Verification/Current_Main/Current_Main.srcs/sources_1/imports/modules/Byte_Enable_Logic.v:4]
INFO: [Synth 8-6157] synthesizing module 'CSRFile' [C:/Users/KHWL2025/Desktop/RISC-KC/FPGA_Verification/Current_Main/Current_Main.srcs/sources_1/imports/modules/CSR_File.v:3]
INFO: [Synth 8-6155] done synthesizing module 'CSRFile' (0#1) [C:/Users/KHWL2025/Desktop/RISC-KC/FPGA_Verification/Current_Main/Current_Main.srcs/sources_1/imports/modules/CSR_File.v:3]
INFO: [Synth 8-6157] synthesizing module 'ExceptionDetector' [C:/Users/KHWL2025/Desktop/RISC-KC/FPGA_Verification/Current_Main/Current_Main.srcs/sources_1/imports/modules/Exception_Detector.v:6]
INFO: [Synth 8-6155] done synthesizing module 'ExceptionDetector' (0#1) [C:/Users/KHWL2025/Desktop/RISC-KC/FPGA_Verification/Current_Main/Current_Main.srcs/sources_1/imports/modules/Exception_Detector.v:6]
INFO: [Synth 8-6157] synthesizing module 'TrapController' [C:/Users/KHWL2025/Desktop/RISC-KC/FPGA_Verification/Current_Main/Current_Main.srcs/sources_1/imports/modules/Trap_Controller.v:3]
	Parameter XLEN bound to: 32 - type: integer 
INFO: [Synth 8-6155] done synthesizing module 'TrapController' (0#1) [C:/Users/KHWL2025/Desktop/RISC-KC/FPGA_Verification/Current_Main/Current_Main.srcs/sources_1/imports/modules/Trap_Controller.v:3]
WARNING: [Synth 8-7071] port 'ic_clean' of module 'TrapController' is unconnected for instance 'trap_controller' [C:/Users/KHWL2025/Desktop/RISC-KC/FPGA_Verification/Current_Main/Current_Main.srcs/sources_1/imports/modules/RV32I46F_5SP_Debug.v:434]
WARNING: [Synth 8-7023] instance 'trap_controller' of module 'TrapController' has 20 connections declared, but only 19 given [C:/Users/KHWL2025/Desktop/RISC-KC/FPGA_Verification/Current_Main/Current_Main.srcs/sources_1/imports/modules/RV32I46F_5SP_Debug.v:434]
INFO: [Synth 8-6157] synthesizing module 'IF_ID_Register' [C:/Users/KHWL2025/Desktop/RISC-KC/FPGA_Verification/Current_Main/Current_Main.srcs/sources_1/imports/modules/IF_ID_Register.v:1]
	Parameter XLEN bound to: 32 - type: integer 
INFO: [Synth 8-6155] done synthesizing module 'IF_ID_Register' (0#1) [C:/Users/KHWL2025/Desktop/RISC-KC/FPGA_Verification/Current_Main/Current_Main.srcs/sources_1/imports/modules/IF_ID_Register.v:1]
INFO: [Synth 8-6157] synthesizing module 'ID_EX_Register' [C:/Users/KHWL2025/Desktop/RISC-KC/FPGA_Verification/Current_Main/Current_Main.srcs/sources_1/imports/modules/ID_EX_Register.v:1]
	Parameter XLEN bound to: 32 - type: integer 
INFO: [Synth 8-6155] done synthesizing module 'ID_EX_Register' (0#1) [C:/Users/KHWL2025/Desktop/RISC-KC/FPGA_Verification/Current_Main/Current_Main.srcs/sources_1/imports/modules/ID_EX_Register.v:1]
INFO: [Synth 8-6157] synthesizing module 'EX_MEM_Register' [C:/Users/KHWL2025/Desktop/RISC-KC/FPGA_Verification/Current_Main/Current_Main.srcs/sources_1/imports/modules/EX_MEM_Register.v:1]
	Parameter XLEN bound to: 32 - type: integer 
INFO: [Synth 8-6155] done synthesizing module 'EX_MEM_Register' (0#1) [C:/Users/KHWL2025/Desktop/RISC-KC/FPGA_Verification/Current_Main/Current_Main.srcs/sources_1/imports/modules/EX_MEM_Register.v:1]
INFO: [Synth 8-6157] synthesizing module 'MEM_WB_Register' [C:/Users/KHWL2025/Desktop/RISC-KC/FPGA_Verification/Current_Main/Current_Main.srcs/sources_1/imports/modules/MEM_WB_Register.v:1]
	Parameter XLEN bound to: 32 - type: integer 
INFO: [Synth 8-6155] done synthesizing module 'MEM_WB_Register' (0#1) [C:/Users/KHWL2025/Desktop/RISC-KC/FPGA_Verification/Current_Main/Current_Main.srcs/sources_1/imports/modules/MEM_WB_Register.v:1]
INFO: [Synth 8-6157] synthesizing module 'HazardUnit' [C:/Users/KHWL2025/Desktop/RISC-KC/FPGA_Verification/Current_Main/Current_Main.srcs/sources_1/imports/modules/Hazard_Unit.v:4]
INFO: [Synth 8-6155] done synthesizing module 'HazardUnit' (0#1) [C:/Users/KHWL2025/Desktop/RISC-KC/FPGA_Verification/Current_Main/Current_Main.srcs/sources_1/imports/modules/Hazard_Unit.v:4]
INFO: [Synth 8-6157] synthesizing module 'ForwardUnit' [C:/Users/KHWL2025/Desktop/RISC-KC/FPGA_Verification/Current_Main/Current_Main.srcs/sources_1/imports/modules/Forward_Unit.v:3]
INFO: [Synth 8-6155] done synthesizing module 'ForwardUnit' (0#1) [C:/Users/KHWL2025/Desktop/RISC-KC/FPGA_Verification/Current_Main/Current_Main.srcs/sources_1/imports/modules/Forward_Unit.v:3]
INFO: [Synth 8-6157] synthesizing module 'BranchPredictor' [C:/Users/KHWL2025/Desktop/RISC-KC/FPGA_Verification/Current_Main/Current_Main.srcs/sources_1/imports/modules/Branch_Predictor.v:3]
	Parameter XLEN bound to: 32 - type: integer 
INFO: [Synth 8-6155] done synthesizing module 'BranchPredictor' (0#1) [C:/Users/KHWL2025/Desktop/RISC-KC/FPGA_Verification/Current_Main/Current_Main.srcs/sources_1/imports/modules/Branch_Predictor.v:3]
INFO: [Synth 8-6155] done synthesizing module 'RV32I46F5SPDebug' (0#1) [C:/Users/KHWL2025/Desktop/RISC-KC/FPGA_Verification/Current_Main/Current_Main.srcs/sources_1/imports/modules/RV32I46F_5SP_Debug.v:30]
INFO: [Synth 8-6155] done synthesizing module 'RV32I46F5SPSoCTOP' (0#1) [C:/Users/KHWL2025/Desktop/RISC-KC/FPGA_Verification/Current_Main/Current_Main.srcs/sources_1/imports/modules/46F5SP_SoC_TOP.v:6]
WARNING: [Synth 8-7137] Register send_buf_reg in module DebugUARTController has both Set and reset with same priority. This may cause simulation mismatches. Consider rewriting code  [C:/Users/KHWL2025/Desktop/RISC-KC/FPGA_Verification/Current_Main/Current_Main.srcs/sources_1/imports/modules/Debug_UART_Controller.v:72]
WARNING: [Synth 8-7137] Register tx_data_reg in module DebugUARTController has both Set and reset with same priority. This may cause simulation mismatches. Consider rewriting code  [C:/Users/KHWL2025/Desktop/RISC-KC/FPGA_Verification/Current_Main/Current_Main.srcs/sources_1/imports/modules/Debug_UART_Controller.v:121]
WARNING: [Synth 8-6014] Unused sequential element branch_prediction_reg was removed.  [C:/Users/KHWL2025/Desktop/RISC-KC/FPGA_Verification/Current_Main/Current_Main.srcs/sources_1/imports/modules/Branch_Predictor.v:35]
WARNING: [Synth 8-7129] Port clk in module HazardUnit is either unconnected or has no load
WARNING: [Synth 8-7129] Port clk_enable in module HazardUnit is either unconnected or has no load
WARNING: [Synth 8-7129] Port reset in module HazardUnit is either unconnected or has no load
WARNING: [Synth 8-7129] Port trap_status[2] in module HazardUnit is either unconnected or has no load
WARNING: [Synth 8-7129] Port trap_status[1] in module HazardUnit is either unconnected or has no load
WARNING: [Synth 8-7129] Port trap_status[0] in module HazardUnit is either unconnected or has no load
WARNING: [Synth 8-7129] Port misaligned_instruction_flush in module HazardUnit is either unconnected or has no load
WARNING: [Synth 8-7129] Port misaligned_memory_flush in module HazardUnit is either unconnected or has no load
WARNING: [Synth 8-7129] Port ID_raw_imm[11] in module HazardUnit is either unconnected or has no load
WARNING: [Synth 8-7129] Port ID_raw_imm[10] in module HazardUnit is either unconnected or has no load
WARNING: [Synth 8-7129] Port ID_raw_imm[9] in module HazardUnit is either unconnected or has no load
WARNING: [Synth 8-7129] Port ID_raw_imm[8] in module HazardUnit is either unconnected or has no load
WARNING: [Synth 8-7129] Port ID_raw_imm[7] in module HazardUnit is either unconnected or has no load
WARNING: [Synth 8-7129] Port ID_raw_imm[6] in module HazardUnit is either unconnected or has no load
WARNING: [Synth 8-7129] Port ID_raw_imm[5] in module HazardUnit is either unconnected or has no load
WARNING: [Synth 8-7129] Port ID_raw_imm[4] in module HazardUnit is either unconnected or has no load
WARNING: [Synth 8-7129] Port ID_raw_imm[3] in module HazardUnit is either unconnected or has no load
WARNING: [Synth 8-7129] Port ID_raw_imm[2] in module HazardUnit is either unconnected or has no load
WARNING: [Synth 8-7129] Port ID_raw_imm[1] in module HazardUnit is either unconnected or has no load
WARNING: [Synth 8-7129] Port ID_raw_imm[0] in module HazardUnit is either unconnected or has no load
WARNING: [Synth 8-7129] Port EX_csr_write_enable in module HazardUnit is either unconnected or has no load
WARNING: [Synth 8-7129] Port ID_pc[31] in module TrapController is either unconnected or has no load
WARNING: [Synth 8-7129] Port ID_pc[30] in module TrapController is either unconnected or has no load
WARNING: [Synth 8-7129] Port ID_pc[29] in module TrapController is either unconnected or has no load
WARNING: [Synth 8-7129] Port ID_pc[28] in module TrapController is either unconnected or has no load
WARNING: [Synth 8-7129] Port ID_pc[27] in module TrapController is either unconnected or has no load
WARNING: [Synth 8-7129] Port ID_pc[26] in module TrapController is either unconnected or has no load
WARNING: [Synth 8-7129] Port ID_pc[25] in module TrapController is either unconnected or has no load
WARNING: [Synth 8-7129] Port ID_pc[24] in module TrapController is either unconnected or has no load
WARNING: [Synth 8-7129] Port ID_pc[23] in module TrapController is either unconnected or has no load
WARNING: [Synth 8-7129] Port ID_pc[22] in module TrapController is either unconnected or has no load
WARNING: [Synth 8-7129] Port ID_pc[21] in module TrapController is either unconnected or has no load
WARNING: [Synth 8-7129] Port ID_pc[20] in module TrapController is either unconnected or has no load
WARNING: [Synth 8-7129] Port ID_pc[19] in module TrapController is either unconnected or has no load
WARNING: [Synth 8-7129] Port ID_pc[18] in module TrapController is either unconnected or has no load
WARNING: [Synth 8-7129] Port ID_pc[17] in module TrapController is either unconnected or has no load
WARNING: [Synth 8-7129] Port ID_pc[16] in module TrapController is either unconnected or has no load
WARNING: [Synth 8-7129] Port ID_pc[15] in module TrapController is either unconnected or has no load
WARNING: [Synth 8-7129] Port ID_pc[14] in module TrapController is either unconnected or has no load
WARNING: [Synth 8-7129] Port ID_pc[13] in module TrapController is either unconnected or has no load
WARNING: [Synth 8-7129] Port ID_pc[12] in module TrapController is either unconnected or has no load
WARNING: [Synth 8-7129] Port ID_pc[11] in module TrapController is either unconnected or has no load
WARNING: [Synth 8-7129] Port ID_pc[10] in module TrapController is either unconnected or has no load
WARNING: [Synth 8-7129] Port ID_pc[9] in module TrapController is either unconnected or has no load
WARNING: [Synth 8-7129] Port ID_pc[8] in module TrapController is either unconnected or has no load
WARNING: [Synth 8-7129] Port ID_pc[7] in module TrapController is either unconnected or has no load
WARNING: [Synth 8-7129] Port ID_pc[6] in module TrapController is either unconnected or has no load
WARNING: [Synth 8-7129] Port ID_pc[5] in module TrapController is either unconnected or has no load
WARNING: [Synth 8-7129] Port ID_pc[4] in module TrapController is either unconnected or has no load
WARNING: [Synth 8-7129] Port ID_pc[3] in module TrapController is either unconnected or has no load
WARNING: [Synth 8-7129] Port ID_pc[2] in module TrapController is either unconnected or has no load
WARNING: [Synth 8-7129] Port ID_pc[1] in module TrapController is either unconnected or has no load
WARNING: [Synth 8-7129] Port ID_pc[0] in module TrapController is either unconnected or has no load
WARNING: [Synth 8-7129] Port WB_pc[31] in module TrapController is either unconnected or has no load
WARNING: [Synth 8-7129] Port WB_pc[30] in module TrapController is either unconnected or has no load
WARNING: [Synth 8-7129] Port WB_pc[29] in module TrapController is either unconnected or has no load
WARNING: [Synth 8-7129] Port WB_pc[28] in module TrapController is either unconnected or has no load
WARNING: [Synth 8-7129] Port WB_pc[27] in module TrapController is either unconnected or has no load
WARNING: [Synth 8-7129] Port WB_pc[26] in module TrapController is either unconnected or has no load
WARNING: [Synth 8-7129] Port WB_pc[25] in module TrapController is either unconnected or has no load
WARNING: [Synth 8-7129] Port WB_pc[24] in module TrapController is either unconnected or has no load
WARNING: [Synth 8-7129] Port WB_pc[23] in module TrapController is either unconnected or has no load
WARNING: [Synth 8-7129] Port WB_pc[22] in module TrapController is either unconnected or has no load
WARNING: [Synth 8-7129] Port WB_pc[21] in module TrapController is either unconnected or has no load
WARNING: [Synth 8-7129] Port WB_pc[20] in module TrapController is either unconnected or has no load
WARNING: [Synth 8-7129] Port WB_pc[19] in module TrapController is either unconnected or has no load
WARNING: [Synth 8-7129] Port WB_pc[18] in module TrapController is either unconnected or has no load
WARNING: [Synth 8-7129] Port WB_pc[17] in module TrapController is either unconnected or has no load
WARNING: [Synth 8-7129] Port WB_pc[16] in module TrapController is either unconnected or has no load
WARNING: [Synth 8-7129] Port WB_pc[15] in module TrapController is either unconnected or has no load
WARNING: [Synth 8-7129] Port WB_pc[14] in module TrapController is either unconnected or has no load
WARNING: [Synth 8-7129] Port WB_pc[13] in module TrapController is either unconnected or has no load
WARNING: [Synth 8-7129] Port WB_pc[12] in module TrapController is either unconnected or has no load
WARNING: [Synth 8-7129] Port WB_pc[11] in module TrapController is either unconnected or has no load
WARNING: [Synth 8-7129] Port WB_pc[10] in module TrapController is either unconnected or has no load
WARNING: [Synth 8-7129] Port WB_pc[9] in module TrapController is either unconnected or has no load
WARNING: [Synth 8-7129] Port WB_pc[8] in module TrapController is either unconnected or has no load
WARNING: [Synth 8-7129] Port WB_pc[7] in module TrapController is either unconnected or has no load
WARNING: [Synth 8-7129] Port WB_pc[6] in module TrapController is either unconnected or has no load
WARNING: [Synth 8-7129] Port WB_pc[5] in module TrapController is either unconnected or has no load
WARNING: [Synth 8-7129] Port WB_pc[4] in module TrapController is either unconnected or has no load
WARNING: [Synth 8-7129] Port WB_pc[3] in module TrapController is either unconnected or has no load
WARNING: [Synth 8-7129] Port WB_pc[2] in module TrapController is either unconnected or has no load
WARNING: [Synth 8-7129] Port WB_pc[1] in module TrapController is either unconnected or has no load
WARNING: [Synth 8-7129] Port WB_pc[0] in module TrapController is either unconnected or has no load
WARNING: [Synth 8-7129] Port csr_write_enable in module ExceptionDetector is either unconnected or has no load
WARNING: [Synth 8-7129] Port pc[1] in module InstructionMemory is either unconnected or has no load
WARNING: [Synth 8-7129] Port pc[0] in module InstructionMemory is either unconnected or has no load
---------------------------------------------------------------------------------
Finished RTL Elaboration : Time (s): cpu = 00:00:11 ; elapsed = 00:00:12 . Memory (MB): peak = 1167.258 ; gain = 595.570
---------------------------------------------------------------------------------
---------------------------------------------------------------------------------
Start Handling Custom Attributes
---------------------------------------------------------------------------------
---------------------------------------------------------------------------------
Finished Handling Custom Attributes : Time (s): cpu = 00:00:12 ; elapsed = 00:00:12 . Memory (MB): peak = 1167.258 ; gain = 595.570
---------------------------------------------------------------------------------
---------------------------------------------------------------------------------
Finished RTL Optimization Phase 1 : Time (s): cpu = 00:00:12 ; elapsed = 00:00:12 . Memory (MB): peak = 1167.258 ; gain = 595.570
---------------------------------------------------------------------------------
Netlist sorting complete. Time (s): cpu = 00:00:00 ; elapsed = 00:00:00.137 . Memory (MB): peak = 1167.258 ; gain = 0.000
INFO: [Project 1-570] Preparing netlist for logic optimization

Processing XDC Constraints
Initializing timing engine
Parsing XDC File [C:/Users/KHWL2025/Desktop/RISC-KC/FPGA_Verification/Current_Main/Current_Main.srcs/constrs_1/imports/new/RV32I46F_5SP_Debug_XDC.xdc]
Finished Parsing XDC File [C:/Users/KHWL2025/Desktop/RISC-KC/FPGA_Verification/Current_Main/Current_Main.srcs/constrs_1/imports/new/RV32I46F_5SP_Debug_XDC.xdc]
INFO: [Project 1-236] Implementation specific constraints were found while reading constraint file [C:/Users/KHWL2025/Desktop/RISC-KC/FPGA_Verification/Current_Main/Current_Main.srcs/constrs_1/imports/new/RV32I46F_5SP_Debug_XDC.xdc]. These constraints will be ignored for synthesis but will be used in implementation. Impacted constraints are listed in the file [.Xil/RV32I46F5SPSoCTOP_propImpl.xdc].
Resolution: To avoid this warning, move constraints listed in [.Xil/RV32I46F5SPSoCTOP_propImpl.xdc] to another XDC file and exclude this new file from synthesis with the used_in_synthesis property (File Properties dialog in GUI) and re-run elaboration/synthesis.
Completed Processing XDC Constraints

Netlist sorting complete. Time (s): cpu = 00:00:00 ; elapsed = 00:00:00.001 . Memory (MB): peak = 1258.266 ; gain = 0.000
INFO: [Project 1-111] Unisim Transformation Summary:
No Unisim elements were transformed.

Constraint Validation Runtime : Time (s): cpu = 00:00:00 ; elapsed = 00:00:00.015 . Memory (MB): peak = 1258.266 ; gain = 0.000
---------------------------------------------------------------------------------
Finished Constraint Validation : Time (s): cpu = 00:00:25 ; elapsed = 00:00:26 . Memory (MB): peak = 1258.266 ; gain = 686.578
---------------------------------------------------------------------------------
---------------------------------------------------------------------------------
Start Loading Part and Timing Information
---------------------------------------------------------------------------------
Loading part: xc7a200tsbg484-3
---------------------------------------------------------------------------------
Finished Loading Part and Timing Information : Time (s): cpu = 00:00:25 ; elapsed = 00:00:26 . Memory (MB): peak = 1258.266 ; gain = 686.578
---------------------------------------------------------------------------------
---------------------------------------------------------------------------------
Start Applying 'set_property' XDC Constraints
---------------------------------------------------------------------------------
---------------------------------------------------------------------------------
Finished applying 'set_property' XDC Constraints : Time (s): cpu = 00:00:25 ; elapsed = 00:00:26 . Memory (MB): peak = 1258.266 ; gain = 686.578
---------------------------------------------------------------------------------
---------------------------------------------------------------------------------
Start Preparing Guide Design
---------------------------------------------------------------------------------
CRITICAL WARNING: [Synth 8-6895] The reference checkpoint C:/Users/KHWL2025/Desktop/RISC-KC/FPGA_Verification/Current_Main/Current_Main.srcs/utils_1/imports/synth_1/RV32I46F5SPSoCTOP.dcp is not suitable for use with incremental synthesis for this design. Please regenerate the checkpoint for this design with -incremental_synth switch in the same Vivado session that synth_design has been run. Synthesis will continue with the default flow
---------------------------------------------------------------------------------
Finished Doing Graph Differ : Time (s): cpu = 00:00:25 ; elapsed = 00:00:26 . Memory (MB): peak = 1258.266 ; gain = 686.578
---------------------------------------------------------------------------------
---------------------------------------------------------------------------------
Finished Preparing Guide Design : Time (s): cpu = 00:00:25 ; elapsed = 00:00:26 . Memory (MB): peak = 1258.266 ; gain = 686.578
---------------------------------------------------------------------------------
INFO: [Synth 8-802] inferred FSM for state register 'state_reg' in module 'DebugUARTController'
INFO: [Synth 8-802] inferred FSM for state register 'trap_handle_state_reg' in module 'TrapController'
INFO: [Synth 8-802] inferred FSM for state register 'step_state_reg' in module 'RV32I46F5SPSoCTOP'
---------------------------------------------------------------------------------------------------
                   State |                     New Encoding |                Previous Encoding 
---------------------------------------------------------------------------------------------------
                 ST_IDLE |                              001 |                               00
                 ST_SEND |                              010 |                               01
                 ST_WAIT |                              100 |                               10
---------------------------------------------------------------------------------------------------
INFO: [Synth 8-3354] encoded FSM with state register 'state_reg' using encoding 'one-hot' in module 'DebugUARTController'
---------------------------------------------------------------------------------------------------
                   State |                     New Encoding |                Previous Encoding 
---------------------------------------------------------------------------------------------------
                    IDLE |                      00000000001 |                             0000
               READ_MEPC |                      00000000010 |                             0100
             RETURN_MRET |                      00000000100 |                             0110
             MEM_STANDBY |                      00000001000 |                             0111
              WB_STANDBY |                      00000010000 |                             1000
            RTRE_STANDBY |                      00000100000 |                             1001
        ECALL_MEPC_WRITE |                      00001000000 |                             1010
              WRITE_MEPC |                      00010000000 |                             0001
            WRITE_MCAUSE |                      00100000000 |                             0010
              READ_MTVEC |                      01000000000 |                             0011
              GOTO_MTVEC |                      10000000000 |                             0101
---------------------------------------------------------------------------------------------------
INFO: [Synth 8-3354] encoded FSM with state register 'trap_handle_state_reg' using encoding 'one-hot' in module 'TrapController'
---------------------------------------------------------------------------------------------------
                   State |                     New Encoding |                Previous Encoding 
---------------------------------------------------------------------------------------------------
                  iSTATE |                              001 |                               00
                 iSTATE0 |                              010 |                               01
                 iSTATE1 |                              100 |                               10
---------------------------------------------------------------------------------------------------
INFO: [Synth 8-3354] encoded FSM with state register 'step_state_reg' using encoding 'one-hot' in module 'RV32I46F5SPSoCTOP'
---------------------------------------------------------------------------------
Finished RTL Optimization Phase 2 : Time (s): cpu = 00:00:27 ; elapsed = 00:00:28 . Memory (MB): peak = 1258.266 ; gain = 686.578
---------------------------------------------------------------------------------


Incremental Synthesis Report Summary:

1. Incremental synthesis run: no

   Reason for not running incremental synthesis : 


INFO: [Synth 8-7130] Flow is switching to default flow due to incremental criteria not met. If you would like to alter this behaviour and have the flow terminate instead, please set the following parameter config_implementation {autoIncr.Synth.RejectBehavior Terminate}
---------------------------------------------------------------------------------
Start RTL Component Statistics 
---------------------------------------------------------------------------------
Detailed RTL Component Info : 
+---Adders : 
	   2 Input   32 Bit       Adders := 6     
	   3 Input   32 Bit       Adders := 1     
	   2 Input   25 Bit       Adders := 1     
	   2 Input   19 Bit       Adders := 5     
	   2 Input    9 Bit       Adders := 1     
	   2 Input    7 Bit       Adders := 33    
	   2 Input    5 Bit       Adders := 2     
	   2 Input    4 Bit       Adders := 1     
+---XORs : 
	   2 Input     32 Bit         XORs := 1     
+---Registers : 
	              152 Bit    Registers := 1     
	               32 Bit    Registers := 30    
	               26 Bit    Registers := 1     
	               20 Bit    Registers := 8     
	               16 Bit    Registers := 1     
	               10 Bit    Registers := 1     
	                8 Bit    Registers := 1     
	                7 Bit    Registers := 4     
	                5 Bit    Registers := 15    
	                4 Bit    Registers := 1     
	                3 Bit    Registers := 7     
	                2 Bit    Registers := 3     
	                1 Bit    Registers := 32    
+---RAMs : 
	              32K Bit	(1024 X 32 bit)          RAMs := 1     
	             1024 Bit	(32 X 32 bit)          RAMs := 1     
+---Muxes : 
	   2 Input  152 Bit        Muxes := 2     
	   3 Input  152 Bit        Muxes := 1     
	   2 Input   32 Bit        Muxes := 48    
	  66 Input   32 Bit        Muxes := 1     
	   4 Input   32 Bit        Muxes := 2     
	   3 Input   32 Bit        Muxes := 3     
	  11 Input   32 Bit        Muxes := 2     
	   2 Input   25 Bit        Muxes := 1     
	   2 Input   20 Bit        Muxes := 3     
	   2 Input   19 Bit        Muxes := 10    
	   2 Input   12 Bit        Muxes := 2     
	  17 Input   11 Bit        Muxes := 1     
	   2 Input   10 Bit        Muxes := 2     
	   3 Input   10 Bit        Muxes := 2     
	  11 Input   10 Bit        Muxes := 1     
	   2 Input    9 Bit        Muxes := 2     
	   2 Input    7 Bit        Muxes := 37    
	   4 Input    5 Bit        Muxes := 1     
	   2 Input    5 Bit        Muxes := 8     
	   3 Input    5 Bit        Muxes := 1     
	   2 Input    4 Bit        Muxes := 5     
	   7 Input    4 Bit        Muxes := 2     
	   3 Input    4 Bit        Muxes := 2     
	   3 Input    3 Bit        Muxes := 3     
	   2 Input    3 Bit        Muxes := 18    
	   5 Input    3 Bit        Muxes := 2     
	   3 Input    2 Bit        Muxes := 3     
	   2 Input    2 Bit        Muxes := 8     
	   8 Input    2 Bit        Muxes := 1     
	   2 Input    1 Bit        Muxes := 41    
	   3 Input    1 Bit        Muxes := 24    
	   7 Input    1 Bit        Muxes := 1     
	  11 Input    1 Bit        Muxes := 6     
---------------------------------------------------------------------------------
Finished RTL Component Statistics 
---------------------------------------------------------------------------------
---------------------------------------------------------------------------------
Start Part Resource Summary
---------------------------------------------------------------------------------
Part Resources:
DSPs: 740 (col length:100)
BRAMs: 730 (col length: RAMB18 100 RAMB36 50)
---------------------------------------------------------------------------------
Finished Part Resource Summary
---------------------------------------------------------------------------------
---------------------------------------------------------------------------------
Start Cross Boundary and Area Optimization
---------------------------------------------------------------------------------
WARNING: [Synth 8-7080] Parallel synthesis criteria is not met
WARNING: [Synth 8-7129] Port clk in module HazardUnit is either unconnected or has no load
WARNING: [Synth 8-7129] Port clk_enable in module HazardUnit is either unconnected or has no load
WARNING: [Synth 8-7129] Port reset in module HazardUnit is either unconnected or has no load
WARNING: [Synth 8-7129] Port trap_status[2] in module HazardUnit is either unconnected or has no load
WARNING: [Synth 8-7129] Port trap_status[1] in module HazardUnit is either unconnected or has no load
WARNING: [Synth 8-7129] Port trap_status[0] in module HazardUnit is either unconnected or has no load
WARNING: [Synth 8-7129] Port misaligned_instruction_flush in module HazardUnit is either unconnected or has no load
WARNING: [Synth 8-7129] Port misaligned_memory_flush in module HazardUnit is either unconnected or has no load
WARNING: [Synth 8-7129] Port ID_raw_imm[11] in module HazardUnit is either unconnected or has no load
WARNING: [Synth 8-7129] Port ID_raw_imm[10] in module HazardUnit is either unconnected or has no load
WARNING: [Synth 8-7129] Port ID_raw_imm[9] in module HazardUnit is either unconnected or has no load
WARNING: [Synth 8-7129] Port ID_raw_imm[8] in module HazardUnit is either unconnected or has no load
INFO: [Common 17-14] Message 'Synth 8-7129' appears 100 times and further instances of the messages will be disabled. Use the Tcl command set_msg_config to change the current settings.
---------------------------------------------------------------------------------
Finished Cross Boundary and Area Optimization : Time (s): cpu = 00:01:06 ; elapsed = 00:01:07 . Memory (MB): peak = 1293.305 ; gain = 721.617
---------------------------------------------------------------------------------
---------------------------------------------------------------------------------
Start ROM, RAM, DSP, Shift Register and Retiming Reporting
---------------------------------------------------------------------------------

Distributed RAM: Preliminary Mapping Report (see note below)
+---------------------------------------+---------------+-----------+----------------------+------------------+
|Module Name                            | RTL Object    | Inference | Size (Depth x Width) | Primitives       | 
+---------------------------------------+---------------+-----------+----------------------+------------------+
|rv32i46f_5sp_debug/register_file_debug | registers_reg | Implied   | 32 x 32              | RAM32M x 12      | 
|rv32i46f_5sp_debug/data_memory         | memory_reg    | Implied   | 1 K x 32             | RAM256X1S x 128  | 
+---------------------------------------+---------------+-----------+----------------------+------------------+

Note: The table above is a preliminary report that shows the Distributed RAMs at the current stage of the synthesis flow. Some Distributed RAMs may be reimplemented as non Distributed RAM primitives later in the synthesis flow. Multiple instantiated RAMs are reported only once.
---------------------------------------------------------------------------------
Finished ROM, RAM, DSP, Shift Register and Retiming Reporting
---------------------------------------------------------------------------------
---------------------------------------------------------------------------------
Start Applying XDC Timing Constraints
---------------------------------------------------------------------------------
---------------------------------------------------------------------------------
Finished Applying XDC Timing Constraints : Time (s): cpu = 00:01:15 ; elapsed = 00:01:16 . Memory (MB): peak = 1388.473 ; gain = 816.785
---------------------------------------------------------------------------------
---------------------------------------------------------------------------------
Start Timing Optimization
---------------------------------------------------------------------------------
---------------------------------------------------------------------------------
Finished Timing Optimization : Time (s): cpu = 00:01:23 ; elapsed = 00:01:24 . Memory (MB): peak = 1397.754 ; gain = 826.066
---------------------------------------------------------------------------------
---------------------------------------------------------------------------------
Start ROM, RAM, DSP, Shift Register and Retiming Reporting
---------------------------------------------------------------------------------

Distributed RAM: Final Mapping Report
+---------------------------------------+---------------+-----------+----------------------+------------------+
|Module Name                            | RTL Object    | Inference | Size (Depth x Width) | Primitives       | 
+---------------------------------------+---------------+-----------+----------------------+------------------+
|rv32i46f_5sp_debug/register_file_debug | registers_reg | Implied   | 32 x 32              | RAM32M x 12      | 
|rv32i46f_5sp_debug/data_memory         | memory_reg    | Implied   | 1 K x 32             | RAM256X1S x 128  | 
+---------------------------------------+---------------+-----------+----------------------+------------------+

---------------------------------------------------------------------------------
Finished ROM, RAM, DSP, Shift Register and Retiming Reporting
---------------------------------------------------------------------------------
---------------------------------------------------------------------------------
Start Technology Mapping
---------------------------------------------------------------------------------
---------------------------------------------------------------------------------
Finished Technology Mapping : Time (s): cpu = 00:01:28 ; elapsed = 00:01:29 . Memory (MB): peak = 1513.102 ; gain = 941.414
---------------------------------------------------------------------------------
---------------------------------------------------------------------------------
Start IO Insertion
---------------------------------------------------------------------------------
---------------------------------------------------------------------------------
Start Flattening Before IO Insertion
---------------------------------------------------------------------------------
---------------------------------------------------------------------------------
Finished Flattening Before IO Insertion
---------------------------------------------------------------------------------
---------------------------------------------------------------------------------
Start Final Netlist Cleanup
---------------------------------------------------------------------------------
---------------------------------------------------------------------------------
Finished Final Netlist Cleanup
---------------------------------------------------------------------------------
---------------------------------------------------------------------------------
Finished IO Insertion : Time (s): cpu = 00:01:34 ; elapsed = 00:01:36 . Memory (MB): peak = 1614.824 ; gain = 1043.137
---------------------------------------------------------------------------------
---------------------------------------------------------------------------------
Start Renaming Generated Instances
---------------------------------------------------------------------------------
---------------------------------------------------------------------------------
Finished Renaming Generated Instances : Time (s): cpu = 00:01:34 ; elapsed = 00:01:36 . Memory (MB): peak = 1614.824 ; gain = 1043.137
---------------------------------------------------------------------------------
---------------------------------------------------------------------------------
Start Rebuilding User Hierarchy
---------------------------------------------------------------------------------
---------------------------------------------------------------------------------
Finished Rebuilding User Hierarchy : Time (s): cpu = 00:01:34 ; elapsed = 00:01:36 . Memory (MB): peak = 1614.824 ; gain = 1043.137
---------------------------------------------------------------------------------
---------------------------------------------------------------------------------
Start Renaming Generated Ports
---------------------------------------------------------------------------------
---------------------------------------------------------------------------------
Finished Renaming Generated Ports : Time (s): cpu = 00:01:34 ; elapsed = 00:01:36 . Memory (MB): peak = 1614.824 ; gain = 1043.137
---------------------------------------------------------------------------------
---------------------------------------------------------------------------------
Start Handling Custom Attributes
---------------------------------------------------------------------------------
---------------------------------------------------------------------------------
Finished Handling Custom Attributes : Time (s): cpu = 00:01:34 ; elapsed = 00:01:36 . Memory (MB): peak = 1614.824 ; gain = 1043.137
---------------------------------------------------------------------------------
---------------------------------------------------------------------------------
Start Renaming Generated Nets
---------------------------------------------------------------------------------
---------------------------------------------------------------------------------
Finished Renaming Generated Nets : Time (s): cpu = 00:01:34 ; elapsed = 00:01:36 . Memory (MB): peak = 1614.824 ; gain = 1043.137
---------------------------------------------------------------------------------
---------------------------------------------------------------------------------
Start Writing Synthesis Report
---------------------------------------------------------------------------------

Report BlackBoxes: 
+-+--------------+----------+
| |BlackBox name |Instances |
+-+--------------+----------+
+-+--------------+----------+

Report Cell Usage: 
+------+----------+------+
|      |Cell      |Count |
+------+----------+------+
|1     |BUFG      |     2|
|2     |CARRY4    |    97|
|3     |LUT1      |     7|
|4     |LUT2      |   878|
|5     |LUT3      |   251|
|6     |LUT4      |   435|
|7     |LUT5      |   342|
|8     |LUT6      |  1257|
|9     |RAM256X1S |   128|
|10    |RAM32M    |    10|
|11    |RAM32X1D  |     4|
|12    |FDCE      |  1136|
|13    |FDPE      |    18|
|14    |FDRE      |   169|
|15    |IBUF      |     7|
|16    |OBUF      |     9|
+------+----------+------+
---------------------------------------------------------------------------------
Finished Writing Synthesis Report : Time (s): cpu = 00:01:34 ; elapsed = 00:01:36 . Memory (MB): peak = 1614.824 ; gain = 1043.137
---------------------------------------------------------------------------------
Synthesis finished with 0 errors, 1 critical warnings and 108 warnings.
Synthesis Optimization Runtime : Time (s): cpu = 00:01:19 ; elapsed = 00:01:32 . Memory (MB): peak = 1614.824 ; gain = 952.129
Synthesis Optimization Complete : Time (s): cpu = 00:01:35 ; elapsed = 00:01:36 . Memory (MB): peak = 1614.824 ; gain = 1043.137
INFO: [Project 1-571] Translating synthesized netlist
Netlist sorting complete. Time (s): cpu = 00:00:00 ; elapsed = 00:00:00.113 . Memory (MB): peak = 1620.016 ; gain = 0.000
INFO: [Netlist 29-17] Analyzing 239 Unisim elements for replacement
INFO: [Netlist 29-28] Unisim Transformation completed in 1 CPU seconds
INFO: [Project 1-570] Preparing netlist for logic optimization
INFO: [Opt 31-138] Pushed 0 inverter(s) to 0 load pin(s).
Netlist sorting complete. Time (s): cpu = 00:00:00 ; elapsed = 00:00:00.002 . Memory (MB): peak = 1630.270 ; gain = 0.000
INFO: [Project 1-111] Unisim Transformation Summary:
  A total of 142 instances were transformed.
  RAM256X1S => RAM256X1S (MUXF7(x2), MUXF8, RAMS64E(x4)): 128 instances
  RAM32M => RAM32M (RAMD32(x6), RAMS32(x2)): 10 instances
  RAM32X1D => RAM32X1D (RAMD32(x2)): 4 instances

Synth Design complete | Checksum: 482b0ac4
INFO: [Common 17-83] Releasing license: Synthesis
137 Infos, 108 Warnings, 55 Critical Warnings and 0 Errors encountered.
synth_design completed successfully
synth_design: Time (s): cpu = 00:01:42 ; elapsed = 00:01:47 . Memory (MB): peak = 1630.270 ; gain = 1301.582
INFO: [runtcl-6] Synthesis results are not added to the cache due to CRITICAL_WARNING
Write ShapeDB Complete: Time (s): cpu = 00:00:00 ; elapsed = 00:00:00.008 . Memory (MB): peak = 1630.270 ; gain = 0.000
INFO: [Common 17-1381] The checkpoint 'C:/Users/KHWL2025/Desktop/RISC-KC/FPGA_Verification/Current_Main/Current_Main.runs/synth_1/RV32I46F5SPSoCTOP.dcp' has been generated.
INFO: [Vivado 12-24828] Executing command : report_utilization -file RV32I46F5SPSoCTOP_utilization_synth.rpt -pb RV32I46F5SPSoCTOP_utilization_synth.pb
INFO: [Common 17-206] Exiting Vivado at Sat Jun 28 13:50:34 2025...
